<?xml version="1.0" encoding="UTF-8"?>
<testsuite name="org.misq.cisq.MessageUtilsTest" tests="1" skipped="0" failures="0" errors="0" timestamp="2021-05-10T18:13:39" hostname="berlioz" time="0.016">
  <properties/>
  <testcase name="testGetMessage()" classname="org.misq.cisq.MessageUtilsTest" time="0.016"/>
  <system-out><![CDATA[]]></system-out>
  <system-err><![CDATA[]]></system-err>
</testsuite>
